2021-08-22 18:21:52,311 [INFO] Activator:177 - 


2021-08-22 18:21:52,312 [INFO] Activator:178 - !SESSION log4j initialized
2021-08-22 18:22:05,524 [INFO] McuFinderGlobals:39 - Set McuFinder mode to 2 (CubeIDE integrated)
2021-08-22 18:22:05,788 [INFO] ApplicationProperties:181 - Using Application install path: C:\ST\STM32CubeIDE_1.7.0\STM32CubeIDE\plugins\com.st.stm32cube.common.mx_6.3.0.202107141111
2021-08-22 18:22:05,799 [INFO] DbMcusXml:74 - Set database path to: C:\ST\STM32CubeIDE_1.7.0\STM32CubeIDE\plugins\com.st.stm32cube.common.mx_6.3.0.202107141111\\db\/mcu/
2021-08-22 18:22:05,802 [INFO] DbBoardsPdsc:56 - Set plugin database path to: C:\ST\STM32CubeIDE_1.7.0\STM32CubeIDE\plugins\com.st.stm32cube.common.mx_6.3.0.202107141111\\db\/plugins/boardmanager/
2021-08-22 18:22:05,802 [INFO] DbMcus:258 - Set plugin images path to: C:\ST\STM32CubeIDE_1.7.0\STM32CubeIDE\plugins\com.st.stm32cube.common.mx_6.3.0.202107141111\\db\/plugins/mcufinder/images/
2021-08-22 18:22:05,802 [INFO] DbBoards:264 - Set plugin images path to: C:\ST\STM32CubeIDE_1.7.0\STM32CubeIDE\plugins\com.st.stm32cube.common.mx_6.3.0.202107141111\\db\/plugins/mcufinder/images/
2021-08-22 18:22:05,805 [INFO] DbExamples:333 - Set plugin images path to: C:\ST\STM32CubeIDE_1.7.0\STM32CubeIDE\plugins\com.st.stm32cube.common.mx_6.3.0.202107141111\\db\/plugins/mcufinder/images/
2021-08-22 18:22:05,810 [INFO] DbMcusAds:119 - Set database path to: C:\Users\CHOCKALINGAM KASI\.stmcufinder\plugins\mcufinder//mcu/
2021-08-22 18:22:05,811 [INFO] DbMcusDocs:110 - Set database path to: C:\Users\CHOCKALINGAM KASI\.stmcufinder\plugins\mcufinder//mcu/
2021-08-22 18:22:05,813 [INFO] DbMcusJson:64 - Set database path to: C:\Users\CHOCKALINGAM KASI\.stmcufinder\plugins\mcufinder//mcu/
2021-08-22 18:22:05,813 [INFO] DbBoardsDocs:110 - Set database path to: C:\Users\CHOCKALINGAM KASI\.stmcufinder\plugins\mcufinder//mcu/
2021-08-22 18:22:05,814 [INFO] DbBoardsJson:57 - Set database path to: C:\Users\CHOCKALINGAM KASI\.stmcufinder\plugins\mcufinder//mcu/
2021-08-22 18:22:05,829 [INFO] CrossReferenceDbSqlite:196 - Set database path to: C:\Users\CHOCKALINGAM KASI\.stmcufinder\plugins\mcufinder//mcu/cs/
2021-08-22 18:22:05,832 [INFO] DbExamplesSqlite:767 - Set database path to: C:\Users\CHOCKALINGAM KASI\.stmcufinder\plugins\mcufinder//mcu/
2021-08-22 18:22:05,909 [INFO] RulesReader:57 - Compatibility file has been processed (242 Rules)
2021-08-22 18:22:05,984 [INFO] DbMcusXml:74 - Set database path to: C:\ST\STM32CubeIDE_1.7.0\STM32CubeIDE\plugins\com.st.stm32cube.common.mx_6.3.0.202107141111\\db\/mcu/
2021-08-22 18:22:05,984 [INFO] DbBoardsPdsc:56 - Set plugin database path to: C:\ST\STM32CubeIDE_1.7.0\STM32CubeIDE\plugins\com.st.stm32cube.common.mx_6.3.0.202107141111\\db\/plugins/boardmanager/
2021-08-22 18:22:05,985 [INFO] DbMcus:258 - Set plugin images path to: C:\ST\STM32CubeIDE_1.7.0\STM32CubeIDE\plugins\com.st.stm32cube.common.mx_6.3.0.202107141111\\db\/plugins/mcufinder/images/
2021-08-22 18:22:05,985 [INFO] DbBoards:264 - Set plugin images path to: C:\ST\STM32CubeIDE_1.7.0\STM32CubeIDE\plugins\com.st.stm32cube.common.mx_6.3.0.202107141111\\db\/plugins/mcufinder/images/
2021-08-22 18:22:05,985 [INFO] DbExamples:333 - Set plugin images path to: C:\ST\STM32CubeIDE_1.7.0\STM32CubeIDE\plugins\com.st.stm32cube.common.mx_6.3.0.202107141111\\db\/plugins/mcufinder/images/
2021-08-22 18:22:05,985 [WARN] DbFile:35 - Overriding database path with different value: C:\Users\CHOCKALINGAM KASI\.stmcufinder\plugins\mcufinder/ => C:\Users\CHOCKALINGAM KASI\.stmcufinder\plugins\mcufinder
2021-08-22 18:22:05,985 [INFO] DbMcusAds:119 - Set database path to: C:\Users\CHOCKALINGAM KASI\.stmcufinder\plugins\mcufinder//mcu/
2021-08-22 18:22:05,985 [WARN] DbFile:35 - Overriding database path with different value: C:\Users\CHOCKALINGAM KASI\.stmcufinder\plugins\mcufinder/ => C:\Users\CHOCKALINGAM KASI\.stmcufinder\plugins\mcufinder
2021-08-22 18:22:05,985 [INFO] DbMcusDocs:110 - Set database path to: C:\Users\CHOCKALINGAM KASI\.stmcufinder\plugins\mcufinder//mcu/
2021-08-22 18:22:05,985 [WARN] DbFile:35 - Overriding database path with different value: C:\Users\CHOCKALINGAM KASI\.stmcufinder\plugins\mcufinder/ => C:\Users\CHOCKALINGAM KASI\.stmcufinder\plugins\mcufinder
2021-08-22 18:22:05,985 [INFO] DbMcusJson:64 - Set database path to: C:\Users\CHOCKALINGAM KASI\.stmcufinder\plugins\mcufinder//mcu/
2021-08-22 18:22:05,985 [WARN] DbFile:35 - Overriding database path with different value: C:\Users\CHOCKALINGAM KASI\.stmcufinder\plugins\mcufinder/ => C:\Users\CHOCKALINGAM KASI\.stmcufinder\plugins\mcufinder
2021-08-22 18:22:05,986 [INFO] DbBoardsDocs:110 - Set database path to: C:\Users\CHOCKALINGAM KASI\.stmcufinder\plugins\mcufinder//mcu/
2021-08-22 18:22:05,986 [WARN] DbFile:35 - Overriding database path with different value: C:\Users\CHOCKALINGAM KASI\.stmcufinder\plugins\mcufinder/ => C:\Users\CHOCKALINGAM KASI\.stmcufinder\plugins\mcufinder
2021-08-22 18:22:05,986 [INFO] DbBoardsJson:57 - Set database path to: C:\Users\CHOCKALINGAM KASI\.stmcufinder\plugins\mcufinder//mcu/
2021-08-22 18:22:05,986 [WARN] DbFile:35 - Overriding database path with different value: C:\Users\CHOCKALINGAM KASI\.stmcufinder\plugins\mcufinder/ => C:\Users\CHOCKALINGAM KASI\.stmcufinder\plugins\mcufinder
2021-08-22 18:22:05,986 [WARN] DbFile:35 - Overriding database path with different value: C:\Users\CHOCKALINGAM KASI\.stmcufinder\plugins\mcufinder/ => C:\Users\CHOCKALINGAM KASI\.stmcufinder\plugins\mcufinder
2021-08-22 18:22:05,986 [INFO] CrossReferenceDbSqlite:196 - Set database path to: C:\Users\CHOCKALINGAM KASI\.stmcufinder\plugins\mcufinder//mcu/cs/
2021-08-22 18:22:05,986 [WARN] DbFile:35 - Overriding database path with different value: C:\Users\CHOCKALINGAM KASI\.stmcufinder\plugins\mcufinder/ => C:\Users\CHOCKALINGAM KASI\.stmcufinder\plugins\mcufinder
2021-08-22 18:22:05,986 [INFO] DbExamplesSqlite:767 - Set database path to: C:\Users\CHOCKALINGAM KASI\.stmcufinder\plugins\mcufinder//mcu/
2021-08-22 18:22:06,043 [INFO] MainPanel:214 - HeapMemory: 268435456
2021-08-22 18:22:06,115 [INFO] DbMcusXml:74 - Set database path to: C:\ST\STM32CubeIDE_1.7.0\STM32CubeIDE\plugins\com.st.stm32cube.common.mx_6.3.0.202107141111\\db\/mcu/
2021-08-22 18:22:06,115 [INFO] DbBoardsPdsc:56 - Set plugin database path to: C:\ST\STM32CubeIDE_1.7.0\STM32CubeIDE\plugins\com.st.stm32cube.common.mx_6.3.0.202107141111\\db\/plugins/boardmanager/
2021-08-22 18:22:06,115 [INFO] DbMcus:258 - Set plugin images path to: C:\ST\STM32CubeIDE_1.7.0\STM32CubeIDE\plugins\com.st.stm32cube.common.mx_6.3.0.202107141111\\db\/plugins/mcufinder/images/
2021-08-22 18:22:06,115 [INFO] DbBoards:264 - Set plugin images path to: C:\ST\STM32CubeIDE_1.7.0\STM32CubeIDE\plugins\com.st.stm32cube.common.mx_6.3.0.202107141111\\db\/plugins/mcufinder/images/
2021-08-22 18:22:06,116 [INFO] DbExamples:333 - Set plugin images path to: C:\ST\STM32CubeIDE_1.7.0\STM32CubeIDE\plugins\com.st.stm32cube.common.mx_6.3.0.202107141111\\db\/plugins/mcufinder/images/
2021-08-22 18:22:06,116 [WARN] DbFile:35 - Overriding database path with different value: C:\Users\CHOCKALINGAM KASI\.stmcufinder\plugins\mcufinder/ => C:\Users\CHOCKALINGAM KASI\.stmcufinder\plugins\mcufinder
2021-08-22 18:22:06,116 [INFO] DbMcusAds:119 - Set database path to: C:\Users\CHOCKALINGAM KASI\.stmcufinder\plugins\mcufinder//mcu/
2021-08-22 18:22:06,116 [WARN] DbFile:35 - Overriding database path with different value: C:\Users\CHOCKALINGAM KASI\.stmcufinder\plugins\mcufinder/ => C:\Users\CHOCKALINGAM KASI\.stmcufinder\plugins\mcufinder
2021-08-22 18:22:06,116 [INFO] DbMcusDocs:110 - Set database path to: C:\Users\CHOCKALINGAM KASI\.stmcufinder\plugins\mcufinder//mcu/
2021-08-22 18:22:06,116 [WARN] DbFile:35 - Overriding database path with different value: C:\Users\CHOCKALINGAM KASI\.stmcufinder\plugins\mcufinder/ => C:\Users\CHOCKALINGAM KASI\.stmcufinder\plugins\mcufinder
2021-08-22 18:22:06,116 [INFO] DbMcusJson:64 - Set database path to: C:\Users\CHOCKALINGAM KASI\.stmcufinder\plugins\mcufinder//mcu/
2021-08-22 18:22:06,117 [WARN] DbFile:35 - Overriding database path with different value: C:\Users\CHOCKALINGAM KASI\.stmcufinder\plugins\mcufinder/ => C:\Users\CHOCKALINGAM KASI\.stmcufinder\plugins\mcufinder
2021-08-22 18:22:06,117 [INFO] DbBoardsDocs:110 - Set database path to: C:\Users\CHOCKALINGAM KASI\.stmcufinder\plugins\mcufinder//mcu/
2021-08-22 18:22:06,117 [WARN] DbFile:35 - Overriding database path with different value: C:\Users\CHOCKALINGAM KASI\.stmcufinder\plugins\mcufinder/ => C:\Users\CHOCKALINGAM KASI\.stmcufinder\plugins\mcufinder
2021-08-22 18:22:06,117 [INFO] DbBoardsJson:57 - Set database path to: C:\Users\CHOCKALINGAM KASI\.stmcufinder\plugins\mcufinder//mcu/
2021-08-22 18:22:06,117 [WARN] DbFile:35 - Overriding database path with different value: C:\Users\CHOCKALINGAM KASI\.stmcufinder\plugins\mcufinder/ => C:\Users\CHOCKALINGAM KASI\.stmcufinder\plugins\mcufinder
2021-08-22 18:22:06,117 [WARN] DbFile:35 - Overriding database path with different value: C:\Users\CHOCKALINGAM KASI\.stmcufinder\plugins\mcufinder/ => C:\Users\CHOCKALINGAM KASI\.stmcufinder\plugins\mcufinder
2021-08-22 18:22:06,117 [INFO] CrossReferenceDbSqlite:196 - Set database path to: C:\Users\CHOCKALINGAM KASI\.stmcufinder\plugins\mcufinder//mcu/cs/
2021-08-22 18:22:06,117 [WARN] DbFile:35 - Overriding database path with different value: C:\Users\CHOCKALINGAM KASI\.stmcufinder\plugins\mcufinder/ => C:\Users\CHOCKALINGAM KASI\.stmcufinder\plugins\mcufinder
2021-08-22 18:22:06,117 [INFO] DbExamplesSqlite:767 - Set database path to: C:\Users\CHOCKALINGAM KASI\.stmcufinder\plugins\mcufinder//mcu/
2021-08-22 18:22:06,134 [INFO] ApplicationProperties:181 - Using Application install path: C:\ST\STM32CubeIDE_1.7.0\STM32CubeIDE\plugins\com.st.stm32cube.common.mx_6.3.0.202107141111
2021-08-22 18:22:06,135 [INFO] PluginManage:188 - Search for loadable plugins [exclusion list=, ]
2021-08-22 18:22:06,136 [INFO] PluginManage:302 - Check plugin analytics
2021-08-22 18:22:06,258 [INFO] AnalyticsPlugin:257 - Accepted Software Licenses: 
2021-08-22 18:22:06,258 [INFO] AnalyticsPlugin:259 - Accepted CMSIS Pack Licenses: 
2021-08-22 18:22:06,258 [INFO] AnalyticsPlugin:261 - Accepted Firmware Licenses: 
2021-08-22 18:22:06,259 [INFO] PluginManage:352 - Loaded plugin analytics (category:tool,tabindex:-1)
2021-08-22 18:22:06,259 [INFO] PluginManage:302 - Check plugin clock
2021-08-22 18:22:06,270 [INFO] PluginManage:352 - Loaded plugin clock (category:base,tabindex:2)
2021-08-22 18:22:06,270 [INFO] PluginManage:302 - Check plugin ddr
2021-08-22 18:22:06,272 [INFO] PluginManage:352 - Loaded plugin ddr (category:tool,tabindex:6)
2021-08-22 18:22:06,272 [INFO] PluginManage:302 - Check plugin filemanager
2021-08-22 18:22:06,370 [INFO] PluginManage:352 - Loaded plugin filemanager (category:base,tabindex:10)
2021-08-22 18:22:06,370 [INFO] PluginManage:302 - Check plugin ipmanager
2021-08-22 18:22:06,377 [INFO] PluginManage:352 - Loaded plugin ipmanager (category:base,tabindex:5)
2021-08-22 18:22:06,377 [INFO] PluginManage:302 - Check plugin pinoutandconfiguration
2021-08-22 18:22:06,386 [INFO] PluginManage:352 - Loaded plugin pinoutandconfiguration (category:base,tabindex:1)
2021-08-22 18:22:06,386 [INFO] PluginManage:302 - Check plugin pinoutconfig
2021-08-22 18:22:06,408 [INFO] PluginManage:352 - Loaded plugin pinoutconfig (category:base,tabindex:0)
2021-08-22 18:22:06,408 [INFO] PluginManage:302 - Check plugin power
2021-08-22 18:22:06,418 [INFO] PluginManage:352 - Loaded plugin power (category:power,tabindex:4)
2021-08-22 18:22:06,418 [INFO] PluginManage:302 - Check plugin projectmanager
2021-08-22 18:22:06,431 [INFO] PluginManage:352 - Loaded plugin projectmanager (category:projectmanager,tabindex:3)
2021-08-22 18:22:06,431 [INFO] PluginManage:302 - Check plugin thirdparty
2021-08-22 18:22:06,532 [WARN] IntegrityCheckThread:78 - waiting for thirdparty lock release [integrity check]
2021-08-22 18:22:06,533 [INFO] PluginManage:352 - Loaded plugin thirdparty (category:base,tabindex:-1)
2021-08-22 18:22:06,533 [INFO] IntegrityCheckThread:80 - entering critical section [integrity check]
2021-08-22 18:22:06,533 [INFO] PluginManage:302 - Check plugin tools
2021-08-22 18:22:06,533 [INFO] ThirdPartyUpdaterWithRetryManager:66 - Updater plugin not ready yet. [1/15]
2021-08-22 18:22:06,535 [INFO] PluginManage:352 - Loaded plugin tools (category:base,tabindex:7)
2021-08-22 18:22:06,535 [INFO] PluginManage:302 - Check plugin tutovideos
2021-08-22 18:22:06,722 [INFO] PluginManage:352 - Loaded plugin tutovideos (category:base,tabindex:-1)
2021-08-22 18:22:06,722 [INFO] PluginManage:302 - Check plugin updater
2021-08-22 18:22:06,732 [INFO] PluginManage:352 - Loaded plugin updater (category:base,tabindex:12)
2021-08-22 18:22:06,732 [INFO] PluginManage:275 - PluginManage : Loaded plugins [13]
2021-08-22 18:22:06,871 [INFO] PinOutPanel:1463 - setPackage(No Configuration,No Configuration)
2021-08-22 18:22:06,943 [INFO] IPUIPlugin:74 - create IPUIPlugin
2021-08-22 18:22:06,943 [INFO] PluginManager:213 - loadIPPluginJar : add adc
2021-08-22 18:22:06,945 [INFO] IPUIPlugin:74 - create IPUIPlugin
2021-08-22 18:22:06,945 [INFO] PluginManager:213 - loadIPPluginJar : add aes
2021-08-22 18:22:06,948 [INFO] IPUIPlugin:74 - create IPUIPlugin
2021-08-22 18:22:06,948 [INFO] PluginManager:213 - loadIPPluginJar : add can
2021-08-22 18:22:06,949 [INFO] IPUIPlugin:74 - create IPUIPlugin
2021-08-22 18:22:06,949 [INFO] PluginManager:213 - loadIPPluginJar : add comp
2021-08-22 18:22:06,951 [INFO] IPUIPlugin:74 - create IPUIPlugin
2021-08-22 18:22:06,951 [INFO] PluginManager:213 - loadIPPluginJar : add cryp
2021-08-22 18:22:06,954 [INFO] IPUIPlugin:74 - create IPUIPlugin
2021-08-22 18:22:06,954 [INFO] PluginManager:213 - loadIPPluginJar : add dfsdm
2021-08-22 18:22:06,958 [INFO] IPUIPlugin:74 - create IPUIPlugin
2021-08-22 18:22:06,959 [INFO] PluginManager:213 - loadIPPluginJar : add dma
2021-08-22 18:22:06,962 [INFO] IPUIPlugin:74 - create IPUIPlugin
2021-08-22 18:22:06,962 [INFO] PluginManager:213 - loadIPPluginJar : add dma3
2021-08-22 18:22:06,963 [INFO] IPUIPlugin:74 - create IPUIPlugin
2021-08-22 18:22:06,963 [INFO] PluginManager:213 - loadIPPluginJar : add fatfs
2021-08-22 18:22:06,967 [INFO] IPUIPlugin:74 - create IPUIPlugin
2021-08-22 18:22:06,967 [INFO] PluginManager:213 - loadIPPluginJar : add fmc
2021-08-22 18:22:06,972 [INFO] IPUIPlugin:74 - create IPUIPlugin
2021-08-22 18:22:06,973 [INFO] PluginManager:213 - loadIPPluginJar : add freertos
2021-08-22 18:22:06,974 [INFO] IPUIPlugin:74 - create IPUIPlugin
2021-08-22 18:22:06,974 [INFO] PluginManager:213 - loadIPPluginJar : add genericplugin
2021-08-22 18:22:06,976 [INFO] IPUIPlugin:74 - create IPUIPlugin
2021-08-22 18:22:06,977 [INFO] PluginManager:213 - loadIPPluginJar : add gfxmmu
2021-08-22 18:22:06,982 [INFO] IPUIPlugin:74 - create IPUIPlugin
2021-08-22 18:22:06,982 [INFO] PluginManager:213 - loadIPPluginJar : add gic
2021-08-22 18:22:06,985 [INFO] IPUIPlugin:74 - create IPUIPlugin
2021-08-22 18:22:06,985 [INFO] PluginManager:213 - loadIPPluginJar : add gpio
2021-08-22 18:22:06,987 [INFO] IPUIPlugin:74 - create IPUIPlugin
2021-08-22 18:22:06,987 [INFO] PluginManager:213 - loadIPPluginJar : add gtzc
2021-08-22 18:22:06,989 [INFO] IPUIPlugin:74 - create IPUIPlugin
2021-08-22 18:22:06,989 [INFO] PluginManager:213 - loadIPPluginJar : add hash
2021-08-22 18:22:06,992 [INFO] IPUIPlugin:74 - create IPUIPlugin
2021-08-22 18:22:06,992 [INFO] PluginManager:213 - loadIPPluginJar : add i2c
2021-08-22 18:22:06,994 [INFO] IPUIPlugin:74 - create IPUIPlugin
2021-08-22 18:22:06,994 [INFO] PluginManager:213 - loadIPPluginJar : add i2s
2021-08-22 18:22:06,997 [INFO] IPUIPlugin:74 - create IPUIPlugin
2021-08-22 18:22:06,997 [INFO] PluginManager:213 - loadIPPluginJar : add ipddr
2021-08-22 18:22:07,002 [INFO] IPUIPlugin:74 - create IPUIPlugin
2021-08-22 18:22:07,003 [INFO] PluginManager:213 - loadIPPluginJar : add linkedlist
2021-08-22 18:22:07,005 [INFO] IPUIPlugin:74 - create IPUIPlugin
2021-08-22 18:22:07,005 [INFO] PluginManager:213 - loadIPPluginJar : add lorawan
2021-08-22 18:22:07,006 [INFO] IPUIPlugin:74 - create IPUIPlugin
2021-08-22 18:22:07,007 [INFO] PluginManager:213 - loadIPPluginJar : add ltdc
2021-08-22 18:22:07,010 [INFO] IPUIPlugin:74 - create IPUIPlugin
2021-08-22 18:22:07,011 [INFO] PluginManager:213 - loadIPPluginJar : add mdma
2021-08-22 18:22:07,014 [INFO] IPUIPlugin:74 - create IPUIPlugin
2021-08-22 18:22:07,014 [INFO] PluginManager:213 - loadIPPluginJar : add nvic
2021-08-22 18:22:07,017 [INFO] IPUIPlugin:74 - create IPUIPlugin
2021-08-22 18:22:07,017 [INFO] PluginManager:213 - loadIPPluginJar : add opamp
2021-08-22 18:22:07,020 [INFO] IPUIPlugin:74 - create IPUIPlugin
2021-08-22 18:22:07,020 [INFO] PluginManager:213 - loadIPPluginJar : add openamp
2021-08-22 18:22:07,023 [INFO] IPUIPlugin:74 - create IPUIPlugin
2021-08-22 18:22:07,023 [INFO] PluginManager:213 - loadIPPluginJar : add pdm2pcm
2021-08-22 18:22:07,028 [INFO] IPUIPlugin:74 - create IPUIPlugin
2021-08-22 18:22:07,030 [INFO] PluginManager:213 - loadIPPluginJar : add plateformsettings
2021-08-22 18:22:07,032 [INFO] IPUIPlugin:74 - create IPUIPlugin
2021-08-22 18:22:07,032 [INFO] PluginManager:213 - loadIPPluginJar : add quadspi
2021-08-22 18:22:07,035 [INFO] IPUIPlugin:74 - create IPUIPlugin
2021-08-22 18:22:07,036 [INFO] PluginManager:213 - loadIPPluginJar : add resmgrutility
2021-08-22 18:22:07,038 [INFO] IPUIPlugin:74 - create IPUIPlugin
2021-08-22 18:22:07,039 [INFO] PluginManager:213 - loadIPPluginJar : add sai
2021-08-22 18:22:07,041 [INFO] IPUIPlugin:74 - create IPUIPlugin
2021-08-22 18:22:07,041 [INFO] PluginManager:213 - loadIPPluginJar : add spi
2021-08-22 18:22:07,045 [INFO] IPUIPlugin:74 - create IPUIPlugin
2021-08-22 18:22:07,045 [INFO] PluginManager:213 - loadIPPluginJar : add stm32_wpan
2021-08-22 18:22:07,047 [INFO] IPUIPlugin:74 - create IPUIPlugin
2021-08-22 18:22:07,047 [INFO] PluginManager:213 - loadIPPluginJar : add tim
2021-08-22 18:22:07,050 [INFO] IPUIPlugin:74 - create IPUIPlugin
2021-08-22 18:22:07,050 [INFO] PluginManager:213 - loadIPPluginJar : add touchsensing
2021-08-22 18:22:07,051 [INFO] IPUIPlugin:74 - create IPUIPlugin
2021-08-22 18:22:07,051 [INFO] PluginManager:213 - loadIPPluginJar : add tracer_emb
2021-08-22 18:22:07,053 [INFO] IPUIPlugin:74 - create IPUIPlugin
2021-08-22 18:22:07,053 [INFO] PluginManager:213 - loadIPPluginJar : add ts
2021-08-22 18:22:07,055 [INFO] IPUIPlugin:74 - create IPUIPlugin
2021-08-22 18:22:07,055 [INFO] PluginManager:213 - loadIPPluginJar : add tsc
2021-08-22 18:22:07,056 [INFO] IPUIPlugin:74 - create IPUIPlugin
2021-08-22 18:22:07,056 [INFO] PluginManager:213 - loadIPPluginJar : add ucpd
2021-08-22 18:22:07,059 [INFO] IPUIPlugin:74 - create IPUIPlugin
2021-08-22 18:22:07,059 [INFO] PluginManager:213 - loadIPPluginJar : add usart
2021-08-22 18:22:07,061 [INFO] IPUIPlugin:74 - create IPUIPlugin
2021-08-22 18:22:07,061 [INFO] PluginManager:213 - loadIPPluginJar : add usbx
2021-08-22 18:22:07,403 [FATAL] Updater:294 - Updater called before beeing initialized
2021-08-22 18:22:07,487 [FATAL] Updater:294 - Updater called before beeing initialized
2021-08-22 18:22:07,490 [INFO] DbMcusAds:47 - JSON generation date=Wed Aug 18 22:13:17 SGT 2021 (1629295997381)
2021-08-22 18:22:07,490 [FATAL] Updater:294 - Updater called before beeing initialized
2021-08-22 18:22:07,528 [WARN] DetailPanel:314 - Failed to get advertising image, set to default
2021-08-22 18:22:07,618 [FATAL] Updater:294 - Updater called before beeing initialized
2021-08-22 18:22:07,620 [FATAL] Updater:294 - Updater called before beeing initialized
2021-08-22 18:22:07,620 [FATAL] Updater:294 - Updater called before beeing initialized
2021-08-22 18:22:07,620 [WARN] DetailPanel:314 - Failed to get advertising image, set to default
2021-08-22 18:22:07,621 [FATAL] Updater:294 - Updater called before beeing initialized
2021-08-22 18:22:07,664 [ERROR] Updater:1075 - MainUpdater not yet initialized. External WinMGr cannot be set.
2021-08-22 18:22:07,666 [INFO] Updater:1012 - Updater Version found : 6.3.0
2021-08-22 18:22:07,682 [INFO] ApplicationProperties:181 - Using Application install path: C:\ST\STM32CubeIDE_1.7.0\STM32CubeIDE\plugins\com.st.stm32cube.common.mx_6.3.0.202107141111
2021-08-22 18:22:08,006 [INFO] MainUpdater:2671 - connection check result : 10
2021-08-22 18:22:08,006 [INFO] MainUpdater:265 - Updater Check For Update Now.
2021-08-22 18:22:08,006 [INFO] MicroXplorer:478 - Change Database Version : DB.6.0.30
2021-08-22 18:22:08,140 [INFO] CheckServerUpdateThread:112 - End of CheckServer Thread
2021-08-22 18:22:08,234 [INFO] MainUpdater:2671 - connection check result : 10
2021-08-22 18:22:08,442 [INFO] McuFinderGlobals:52 - Set McuFinderConnectedMode to false
2021-08-22 18:22:08,526 [INFO] CrossSelectorPresenter:1330 - Cross Selector saved comparison directory: C:\Users\CHOCKALINGAM KASI\.stmcufinder\plugins\mcufinder\mcu\cs_comparisons_mx
2021-08-22 18:22:08,532 [INFO] MultiScanPanel:197 - Auto-refresh data requested => check proxy status ongoing
2021-08-22 18:22:08,532 [INFO] MultiScanPanel:201 - Proxy status is invalid
2021-08-22 18:22:08,535 [INFO] FinderPluginLoader:87 - Searching for filters in installed packs
2021-08-22 18:22:08,536 [INFO] DbMcusXml:100 - Load MCU database from C:\ST\STM32CubeIDE_1.7.0\STM32CubeIDE\plugins\com.st.stm32cube.common.mx_6.3.0.202107141111\\db\/mcu/families.xml
2021-08-22 18:22:09,361 [INFO] DbMcusJson:93 - JSON generation date=Mon Jun 07 16:53:21 SGT 2021 (1623056001)
2021-08-22 18:22:09,653 [WARN] PackLoader:238 - Cannot read IP mode file for RoweBots.I-CUBE-UNISONRTOS.5.5.0-4
2021-08-22 18:22:09,737 [WARN] PackLoader:238 - Cannot read IP mode file for STMicroelectronics.X-CUBE-MEMS1.9.0.0
2021-08-22 18:22:09,955 [WARN] PackLoader:238 - Cannot read IP mode file for STMicroelectronics.X-CUBE-AZRTOS-H7.1.1.0
2021-08-22 18:22:10,012 [WARN] PackLoader:238 - Cannot read IP mode file for SEGGER.I-CUBE-embOS.1.2.0
2021-08-22 18:22:10,049 [INFO] DbMcus:175 - Found 1951 MCUs (1903 are supported by CubeMX, 1903 are visible in CubeMX)
2021-08-22 18:22:10,050 [INFO] ApiDb:251 - Load user favorites file C:\Users\CHOCKALINGAM KASI/.stm32cubeide/favorites.mcus.txt: 0 item(s)
2021-08-22 18:22:10,050 [INFO] ApiDb:255 - User favorites MCUs=[]
2021-08-22 18:22:10,050 [INFO] DbMcus:187 - Set 0 / 0 favorites MCUs
2021-08-22 18:22:10,059 [WARN] PackLoader:238 - Cannot read IP mode file for STMicroelectronics.X-CUBE-BLE1.6.2.1
2021-08-22 18:22:10,063 [WARN] PackLoader:238 - Cannot read IP mode file for STMicroelectronics.X-CUBE-BLE2.3.2.1
2021-08-22 18:22:10,074 [WARN] PackLoader:238 - Cannot read IP mode file for STMicroelectronics.X-CUBE-NFC4.2.0.3
2021-08-22 18:22:10,079 [WARN] PackLoader:238 - Cannot read IP mode file for wolfSSL.I-CUBE-wolfSSL.4.8.0
2021-08-22 18:22:10,083 [WARN] PackLoader:238 - Cannot read IP mode file for STMicroelectronics.X-CUBE-TOUCHGFX.4.17.0
2021-08-22 18:22:10,089 [WARN] PackLoader:238 - Cannot read IP mode file for STMicroelectronics.X-CUBE-SFXS2LP1.3.1.0
2021-08-22 18:22:10,096 [WARN] PackLoader:238 - Cannot read IP mode file for STMicroelectronics.X-CUBE-TOF1.2.0.0
2021-08-22 18:22:10,108 [WARN] PackLoader:238 - Cannot read IP mode file for STMicroelectronics.X-CUBE-SUBG2.4.2.0
2021-08-22 18:22:10,123 [WARN] PackLoader:238 - Cannot read IP mode file for STMicroelectronics.X-CUBE-ALS.1.0.1
2021-08-22 18:22:10,127 [WARN] PackLoader:238 - Cannot read IP mode file for STMicroelectronics.X-CUBE-AI.7.0.0
2021-08-22 18:22:10,132 [WARN] PackLoader:238 - Cannot read IP mode file for STMicroelectronics.X-CUBE-ALGOBUILD.1.2.1
2021-08-22 18:22:10,135 [WARN] PackLoader:238 - Cannot read IP mode file for STMicroelectronics.X-CUBE-DISPLAY.1.0.0
2021-08-22 18:22:10,139 [WARN] PackLoader:238 - Cannot read IP mode file for STMicroelectronics.X-CUBE-EEPRMA1.3.1.0
2021-08-22 18:22:10,144 [WARN] PackLoader:238 - Cannot read IP mode file for STMicroelectronics.X-CUBE-GNSS1.5.2.0
2021-08-22 18:22:10,145 [INFO] ThirdParty:915 - Integrity check success = true
2021-08-22 18:22:10,145 [INFO] IntegrityCheckThread:94 - exiting critical section [integrity check]
2021-08-22 18:22:10,145 [INFO] IntegrityCheckThread:97 - End integrity checks thread
2021-08-22 18:22:10,476 [INFO] DetailPanel:309 - Set advertising image to C:/Users/CHOCKALINGAM KASI/STM32Cube/Repository/\en.prom_STM32U5_PSA-SESIP_LV3_0821.png
2021-08-22 18:22:10,852 [INFO] DbBoardsPdsc:90 - Found 25 items
2021-08-22 18:22:10,854 [INFO] DbBoardsPdsc:90 - Found 9 items
2021-08-22 18:22:10,858 [INFO] DbBoardsPdsc:90 - Found 33 items
2021-08-22 18:22:10,860 [INFO] DbBoardsPdsc:90 - Found 1 items
2021-08-22 18:22:10,867 [INFO] DbBoardsPdsc:90 - Found 48 items
2021-08-22 18:22:10,875 [INFO] DbBoardsPdsc:90 - Found 43 items
2021-08-22 18:22:10,876 [INFO] DbBoardsPdsc:90 - Found 2 items
2021-08-22 18:22:10,878 [INFO] DbBoardsPdsc:90 - Found 5 items
2021-08-22 18:22:10,881 [WARN] DbBoardsPdsc:254 - Board STM32H7B3I-DK: unknown feature type=Audio, name=, username=Audio stereo codec with Headphone Amp (CS42L51-CNZ), n=1
2021-08-22 18:22:10,881 [WARN] DbBoardsPdsc:254 - Board STM32H735G-DK: unknown feature type=Audio, name=, username=Audio stereo codec with Headphone Amp (WM8994ECS/R), n=1
2021-08-22 18:22:10,882 [WARN] DbBoardsPdsc:254 - Board STM32H7B3I-EVAL: unknown feature type=Audio, name=, username=Multi-Channel Audio Codec (CS42L51-CNZ), n=1
2021-08-22 18:22:10,882 [WARN] DbBoardsPdsc:254 - Board STM32H7B3I-EVAL: unknown feature type=Meter, name=, username=Power-metering and Temperature-monitoring with sigma-delta modulators, n=1
2021-08-22 18:22:10,882 [WARN] DbBoardsPdsc:254 - Board STM32H7B3I-EVAL: unknown feature type=Motor, name=, username=Motor Control, n=1
2021-08-22 18:22:10,882 [WARN] DbBoardsPdsc:254 - Board STM32U575I-EV: unknown feature type=joystick, name=, username=4-direction joystick with selection button, n=1
2021-08-22 18:22:10,896 [INFO] DbBoardsJson:86 - JSON generation date=Tue Jun 01 13:52:40 SGT 2021 (1622526760)
2021-08-22 18:22:10,900 [INFO] DbBoards:117 - Found 166 boards (163 are supported by CubeMX)
2021-08-22 18:22:10,911 [INFO] DbBoardsDocs:143 - JSON generation date=Tue Jun 01 13:52:40 SGT 2021 (1622526760)
2021-08-22 18:22:10,932 [INFO] DbBoardsDocs:79 - Found 193 boards documents
2021-08-22 18:22:10,932 [WARN] DbBoards:127 - board B-L462E-CELL1 has no document id list !
2021-08-22 18:22:10,932 [WARN] DbBoards:127 - board B-L475E-IOT01A2 has no document id list !
2021-08-22 18:22:10,932 [WARN] DbBoards:127 - board B-U585I-IOT02A has no document id list !
2021-08-22 18:22:10,933 [WARN] DbBoards:127 - board NUCLEO-G0B1RE has no document id list !
2021-08-22 18:22:10,933 [WARN] DbBoards:127 - board NUCLEO-H743ZI has no document id list !
2021-08-22 18:22:10,934 [WARN] DbBoards:127 - board NUCLEO-L4A6ZG has no document id list !
2021-08-22 18:22:10,934 [WARN] DbBoards:127 - board NUCLEO-U575ZI-Q has no document id list !
2021-08-22 18:22:10,934 [WARN] DbBoards:127 - board NUCLEO-WB15CC has no document id list !
2021-08-22 18:22:10,934 [WARN] DbBoards:127 - board NUCLEO-WB55RG has no document id list !
2021-08-22 18:22:10,934 [WARN] DbBoards:127 - board NUCLEO-WL55JC2 has no document id list !
2021-08-22 18:22:10,934 [WARN] DbBoards:127 - board P-NUCLEO-WB55-Nucleo has no document id list !
2021-08-22 18:22:10,934 [WARN] DbBoards:127 - board P-NUCLEO-WB55-USBDongle has no document id list !
2021-08-22 18:22:10,934 [WARN] DbBoards:127 - board STEVAL-BFA001V1B has no document id list !
2021-08-22 18:22:10,934 [WARN] DbBoards:127 - board STEVAL-BFA001V2B has no document id list !
2021-08-22 18:22:10,934 [WARN] DbBoards:127 - board STEVAL-IDP005V1 has no document id list !
2021-08-22 18:22:10,934 [WARN] DbBoards:127 - board STEVAL-IDP005V2 has no document id list !
2021-08-22 18:22:10,935 [WARN] DbBoards:127 - board STEVAL-MKSBOX1V1 has no document id list !
2021-08-22 18:22:10,935 [WARN] DbBoards:127 - board STEVAL-STWINKT1 has no document id list !
2021-08-22 18:22:10,935 [WARN] DbBoards:127 - board STEVAL-STWINKT1B has no document id list !
2021-08-22 18:22:10,935 [WARN] DbBoards:127 - board STM32F401C-DISCO has no document id list !
2021-08-22 18:22:10,935 [WARN] DbBoards:127 - board STM32F769I-DISC1 has no document id list !
2021-08-22 18:22:10,936 [WARN] DbBoards:127 - board STM32G0C1E-EV has no document id list !
2021-08-22 18:22:10,936 [WARN] DbBoards:127 - board STM32G474E-EVAL1 has no document id list !
2021-08-22 18:22:10,936 [WARN] DbBoards:127 - board STM32H743I-EVAL2 has no document id list !
2021-08-22 18:22:10,936 [WARN] DbBoards:127 - board STM32H747I-DISC1 has no document id list !
2021-08-22 18:22:10,936 [WARN] DbBoards:127 - board STM32H753I-EVAL2 has no document id list !
2021-08-22 18:22:10,936 [WARN] DbBoards:127 - board STM32L-DISCOVERY has no document id list !
2021-08-22 18:22:10,937 [WARN] DbBoards:127 - board STM32MP157A-DK1 has no document id list !
2021-08-22 18:22:10,937 [WARN] DbBoards:127 - board STM32MP157D-DK1 has no document id list !
2021-08-22 18:22:10,937 [WARN] DbBoards:127 - board STM32MP157D-EV1 has no document id list !
2021-08-22 18:22:10,937 [WARN] DbBoards:127 - board STM32MP157F-DK2 has no document id list !
2021-08-22 18:22:10,937 [WARN] DbBoards:127 - board STM32MP157F-EV1 has no document id list !
2021-08-22 18:22:10,937 [WARN] DbBoards:127 - board STM32U575I-EV has no document id list !
2021-08-22 18:22:10,937 [WARN] DbBoards:127 - board STM32WB5MM-DK has no document id list !
2021-08-22 18:22:12,413 [INFO] ApiDb:251 - Load user favorites file C:\Users\CHOCKALINGAM KASI/.stm32cubeide/favorites.boards.txt: 0 item(s)
2021-08-22 18:22:12,413 [INFO] ApiDb:255 - User favorites Boards=[]
2021-08-22 18:22:12,413 [INFO] DbBoards:206 - Set 0 / 0 favorites Boards
2021-08-22 18:22:38,520 [INFO] DbMcusDocs:143 - JSON generation date=Mon Jun 07 16:53:21 SGT 2021 (1623056001)
2021-08-22 18:22:38,833 [INFO] DbMcusDocs:79 - Found 669 MCUs documents
2021-08-22 18:24:23,625 [INFO] MainUpdater:2671 - connection check result : 10
2021-08-22 18:24:23,625 [INFO] MainUpdater:2671 - connection check result : 10
2021-08-22 18:24:23,676 [INFO] MicroXplorer:448 - Change Database Path : 
2021-08-22 18:24:23,676 [INFO] MicroXplorer:478 - Change Database Version : DB.6.0.30
2021-08-22 18:24:23,677 [WARN] ThirdParty:813 - waiting for thirdparty lock release [close project]
2021-08-22 18:24:23,677 [INFO] ThirdParty:815 - entering critical section [close project]
2021-08-22 18:24:23,678 [INFO] ThirdParty:825 - exiting critical section [close project]
2021-08-22 18:24:23,681 [INFO] PinOutPanel:1463 - setPackage(No Configuration,No Configuration)
2021-08-22 18:24:23,682 [INFO] UtilMem:74 - Begin LoadConfig() Used Memory: 489741248 Bytes (530579456)
2021-08-22 18:24:23,683 [INFO] MicroXplorer:448 - Change Database Path : 
2021-08-22 18:24:23,683 [INFO] MicroXplorer:478 - Change Database Version : DB.6.0.30
2021-08-22 18:24:23,683 [INFO] OpenFileManager:313 - Change cursor
2021-08-22 18:24:24,816 [INFO] Context:592 - Trying to add GPIOservice into a context  which must be forbidden
2021-08-22 18:24:25,053 [INFO] ImportTextPane:167 - (OptionalMessage_ERROR) Unable to find key (Mcu.ThirdPartyNb) in loaded IOC file
2021-08-22 18:24:25,053 [INFO] ImportTextPane:167 - (OptionalMessage_ERROR) Unable to find key (Mcu.PinsNb) in loaded IOC file
2021-08-22 18:24:25,053 [INFO] ImportTextPane:167 - (OptionalMessage_ERROR) Unable to find key (Mcu.IPNb) in loaded IOC file
2021-08-22 18:24:25,095 [WARN] ApiManager:304 - Cannot register API 'Board Extension:S2868A1' from pack STMicroelectronics.X-CUBE-SFXS2LP1.3.1.0: no header file found
2021-08-22 18:24:25,095 [WARN] ApiManager:304 - Cannot register API 'Board Extension:S2868A2' from pack STMicroelectronics.X-CUBE-SFXS2LP1.3.1.0: no header file found
2021-08-22 18:24:25,095 [WARN] ApiManager:304 - Cannot register API 'Board Extension:S2915A1' from pack STMicroelectronics.X-CUBE-SFXS2LP1.3.1.0: no header file found
2021-08-22 18:24:25,102 [WARN] ModelIntegratedComponent:60 - No mode defined for component null
2021-08-22 18:24:25,102 [WARN] ModelIntegratedComponent:60 - No mode defined for component null
2021-08-22 18:24:25,102 [WARN] ModelIntegratedComponent:60 - No mode defined for component null
2021-08-22 18:24:25,102 [WARN] ModelIntegratedComponent:60 - No mode defined for component null
2021-08-22 18:24:25,103 [WARN] ModelIntegratedComponent:60 - No mode defined for component null
2021-08-22 18:24:25,103 [WARN] ModelIntegratedComponent:60 - No mode defined for component null
2021-08-22 18:24:25,103 [WARN] ModelIntegratedComponent:60 - No mode defined for component null
2021-08-22 18:24:25,103 [WARN] ModelIntegratedComponent:60 - No mode defined for component null
2021-08-22 18:24:25,103 [WARN] ModelIntegratedComponent:60 - No mode defined for component null
2021-08-22 18:24:25,103 [WARN] ModelIntegratedComponent:60 - No mode defined for component null
2021-08-22 18:24:25,103 [WARN] ModelIntegratedComponent:60 - No mode defined for component null
2021-08-22 18:24:25,103 [WARN] ModelIntegratedComponent:60 - No mode defined for component null
2021-08-22 18:24:25,103 [WARN] ModelIntegratedComponent:60 - No mode defined for component null
2021-08-22 18:24:25,103 [WARN] ModelIntegratedComponent:60 - No mode defined for component null
2021-08-22 18:24:25,103 [WARN] ModelIntegratedComponent:60 - No mode defined for component null
2021-08-22 18:24:25,103 [WARN] ModelIntegratedComponent:60 - No mode defined for component null
2021-08-22 18:24:25,103 [WARN] ModelIntegratedComponent:60 - No mode defined for component null
2021-08-22 18:24:25,104 [WARN] ModelIntegratedComponent:60 - No mode defined for component null
2021-08-22 18:24:25,104 [WARN] ModelIntegratedComponent:60 - No mode defined for component null
2021-08-22 18:24:25,104 [WARN] ModelIntegratedComponent:60 - No mode defined for component null
2021-08-22 18:24:25,104 [WARN] ModelIntegratedComponent:60 - No mode defined for component null
2021-08-22 18:24:25,104 [WARN] ModelIntegratedComponent:60 - No mode defined for component null
2021-08-22 18:24:25,104 [WARN] ModelIntegratedComponent:60 - No mode defined for component null
2021-08-22 18:24:25,104 [WARN] ModelIntegratedComponent:60 - No mode defined for component null
2021-08-22 18:24:25,104 [WARN] ModelIntegratedComponent:60 - No mode defined for component null
2021-08-22 18:24:25,104 [WARN] ModelIntegratedComponent:60 - No mode defined for component null
2021-08-22 18:24:25,104 [WARN] ModelIntegratedComponent:60 - No mode defined for component null
2021-08-22 18:24:25,104 [WARN] ModelIntegratedComponent:60 - No mode defined for component null
2021-08-22 18:24:25,104 [WARN] ModelIntegratedComponent:60 - No mode defined for component null
2021-08-22 18:24:25,104 [WARN] ModelIntegratedComponent:60 - No mode defined for component null
2021-08-22 18:24:25,105 [WARN] ModelIntegratedComponent:60 - No mode defined for component null
2021-08-22 18:24:25,239 [WARN] ApiManager:304 - Cannot register API 'Board Extension:IKS01A3' from pack STMicroelectronics.X-CUBE-MEMS1.9.0.0: no header file found
2021-08-22 18:24:25,239 [WARN] ApiManager:304 - Cannot register API 'Board Extension:IKS01A2' from pack STMicroelectronics.X-CUBE-MEMS1.9.0.0: no header file found
2021-08-22 18:24:25,239 [WARN] ApiManager:304 - Cannot register API 'Board Extension:IKS02A1' from pack STMicroelectronics.X-CUBE-MEMS1.9.0.0: no header file found
2021-08-22 18:24:25,249 [WARN] ApiManager:304 - Cannot register API 'Board Extension:S2868A1' from pack STMicroelectronics.X-CUBE-SUBG2.4.2.0: no header file found
2021-08-22 18:24:25,249 [WARN] ApiManager:304 - Cannot register API 'Board Extension:S2868A2' from pack STMicroelectronics.X-CUBE-SUBG2.4.2.0: no header file found
2021-08-22 18:24:25,249 [WARN] ApiManager:304 - Cannot register API 'Board Extension:S2915A1' from pack STMicroelectronics.X-CUBE-SUBG2.4.2.0: no header file found
2021-08-22 18:24:25,253 [INFO] RtosManager:484 - Registered RTOS mode: class=CMSIS, group=RTOS, mode=CMSIS_V1, owner=FREERTOS
2021-08-22 18:24:25,253 [INFO] RtosManager:484 - Registered RTOS mode: class=CMSIS, group=RTOS2, mode=CMSIS_V2, owner=FREERTOS
2021-08-22 18:24:25,253 [INFO] RtosManager:484 - Registered RTOS mode: class=RTOS, group=Core, mode=CMSIS_V1, owner=FREERTOS
2021-08-22 18:24:25,253 [INFO] RtosManager:484 - Registered RTOS mode: class=RTOS, group=Core, mode=CMSIS_V2, owner=FREERTOS
2021-08-22 18:24:25,253 [WARN] ModelIntegratedComponent:181 - Missing modes for component STMicroelectronics:FreeRTOS:0.0.1:STMicroelectronics:RTOS:FreeRTOS:Core:::10.2.0:
2021-08-22 18:24:25,256 [WARN] ApiManager:304 - Cannot register API 'Board Extension:EEPRMA1' from pack STMicroelectronics.X-CUBE-EEPRMA1.3.1.0: no header file found
2021-08-22 18:24:25,256 [WARN] ApiManager:304 - Cannot register API 'Board Extension:EEPRMA2' from pack STMicroelectronics.X-CUBE-EEPRMA1.3.1.0: no header file found
2021-08-22 18:24:25,257 [WARN] ApiManager:304 - Cannot register API 'Board Extension:GNSS1A1' from pack STMicroelectronics.X-CUBE-GNSS1.5.2.0: no header file found
2021-08-22 18:24:25,257 [WARN] ApiManager:304 - Cannot register API 'Board Support:Custom' from pack STMicroelectronics.X-CUBE-GNSS1.5.2.0: no header file found
2021-08-22 18:24:25,257 [WARN] ApiManager:304 - Cannot register API 'Data Exchange:lib_gnss' from pack STMicroelectronics.X-CUBE-GNSS1.5.2.0: no header file found
2021-08-22 18:24:25,258 [WARN] ApiManager:304 - Cannot register API 'Wireless:BlueNRG-MS' from pack STMicroelectronics.X-CUBE-BLE1.6.2.1: no header file found
2021-08-22 18:24:25,258 [WARN] ApiManager:304 - Cannot register API 'Wireless:BlueNRG-2' from pack STMicroelectronics.X-CUBE-BLE2.3.2.1: no header file found
2021-08-22 18:24:25,259 [WARN] ApiManager:304 - Cannot register API 'Board Extension:NFC04A1' from pack STMicroelectronics.X-CUBE-NFC4.2.0.3: no header file found
2021-08-22 18:24:25,819 [INFO] UtilMem:74 - End LoadConfig() Used Memory: 245723984 Bytes (530579456)
2021-08-22 18:24:25,822 [WARN] ThirdParty:779 - waiting for thirdparty lock release [change project]
2021-08-22 18:24:25,822 [INFO] ThirdParty:781 - entering critical section [change project]
2021-08-22 18:24:25,822 [INFO] ThirdParty:967 - CMSIS Pack Vendor :STMicroelectronics X-CUBE-SFXS2LP1 3.1.0
2021-08-22 18:24:25,822 [INFO] ThirdParty:967 - CMSIS Pack Vendor :RoweBots I-CUBE-UNISONRTOS 5.5.0-4
2021-08-22 18:24:25,822 [INFO] ThirdParty:967 - CMSIS Pack Vendor :STMicroelectronics USB_HOST 2.0.0
2021-08-22 18:24:25,822 [INFO] ThirdParty:967 - CMSIS Pack Vendor :STMicroelectronics USB_DEVICE 3.0.0
2021-08-22 18:24:25,822 [INFO] ThirdParty:967 - CMSIS Pack Vendor :STMicroelectronics X-CUBE-TOF1 2.0.0
2021-08-22 18:24:25,822 [INFO] ThirdParty:967 - CMSIS Pack Vendor :STMicroelectronics HAL Drivers 0.0.0
2021-08-22 18:24:25,823 [INFO] ThirdParty:967 - CMSIS Pack Vendor :STMicroelectronics MBEDTLS 2.16.2
2021-08-22 18:24:25,823 [INFO] ThirdParty:967 - CMSIS Pack Vendor :STMicroelectronics MBEDTLS 2.14.1
2021-08-22 18:24:25,823 [INFO] ThirdParty:967 - CMSIS Pack Vendor :STMicroelectronics X-CUBE-MEMS1 9.0.0
2021-08-22 18:24:25,823 [INFO] ThirdParty:967 - CMSIS Pack Vendor :STMicroelectronics X-CUBE-AZRTOS-H7 1.1.0
2021-08-22 18:24:25,823 [INFO] ThirdParty:967 - CMSIS Pack Vendor :STMicroelectronics X-CUBE-SUBG2 4.2.0
2021-08-22 18:24:25,823 [INFO] ThirdParty:967 - CMSIS Pack Vendor :STMicroelectronics X-CUBE-ALS 1.0.1
2021-08-22 18:24:25,823 [INFO] ThirdParty:967 - CMSIS Pack Vendor :STMicroelectronics USB_DEVICE 2.0.0
2021-08-22 18:24:25,823 [INFO] ThirdParty:967 - CMSIS Pack Vendor :STMicroelectronics X-CUBE-AI 7.0.0
2021-08-22 18:24:25,823 [INFO] ThirdParty:967 - CMSIS Pack Vendor :STMicroelectronics X-CUBE-ALGOBUILD 1.2.1
2021-08-22 18:24:25,823 [INFO] ThirdParty:967 - CMSIS Pack Vendor :STMicroelectronics X-CUBE-DISPLAY 1.0.0
2021-08-22 18:24:25,824 [INFO] ThirdParty:967 - CMSIS Pack Vendor :STMicroelectronics FreeRTOS 0.0.1
2021-08-22 18:24:25,824 [INFO] ThirdParty:967 - CMSIS Pack Vendor :STMicroelectronics USB_DEVICE 1.0.0
2021-08-22 18:24:25,824 [INFO] ThirdParty:967 - CMSIS Pack Vendor :SEGGER I-CUBE-embOS 1.2.0
2021-08-22 18:24:25,824 [INFO] ThirdParty:967 - CMSIS Pack Vendor :STMicroelectronics X-CUBE-EEPRMA1 3.1.0
2021-08-22 18:24:25,824 [INFO] ThirdParty:967 - CMSIS Pack Vendor :STMicroelectronics X-CUBE-GNSS1 5.2.0
2021-08-22 18:24:25,824 [INFO] ThirdParty:967 - CMSIS Pack Vendor :STMicroelectronics ThreadX 0.0.2
2021-08-22 18:24:25,824 [INFO] ThirdParty:967 - CMSIS Pack Vendor :STMicroelectronics lwIP 2.0.3
2021-08-22 18:24:25,824 [INFO] ThirdParty:967 - CMSIS Pack Vendor :STMicroelectronics lwIP 2.1.2
2021-08-22 18:24:25,824 [INFO] ThirdParty:967 - CMSIS Pack Vendor :STMicroelectronics X-CUBE-BLE1 6.2.1
2021-08-22 18:24:25,824 [INFO] ThirdParty:967 - CMSIS Pack Vendor :STMicroelectronics X-CUBE-BLE2 3.2.1
2021-08-22 18:24:25,824 [INFO] ThirdParty:967 - CMSIS Pack Vendor :STMicroelectronics USB_HOST 1.0.0
2021-08-22 18:24:25,825 [INFO] ThirdParty:967 - CMSIS Pack Vendor :STMicroelectronics X-CUBE-NFC4 2.0.3
2021-08-22 18:24:25,825 [INFO] ThirdParty:967 - CMSIS Pack Vendor :wolfSSL I-CUBE-wolfSSL 4.8.0
2021-08-22 18:24:25,825 [INFO] ThirdParty:967 - CMSIS Pack Vendor :STMicroelectronics X-CUBE-TOUCHGFX 4.17.0
2021-08-22 18:24:25,825 [INFO] ThirdParty:967 - CMSIS Pack Vendor :STMicroelectronics PDM2PCM 3.1.0
2021-08-22 18:24:25,825 [INFO] ThirdParty:967 - CMSIS Pack Vendor :STMicroelectronics PDM2PCM 3.2.0
2021-08-22 18:24:25,825 [INFO] ThirdParty:967 - CMSIS Pack Vendor :STMicroelectronics PDM2PCM 3.3.0
2021-08-22 18:24:25,825 [INFO] ThirdParty:787 - exiting critical section [change project]
2021-08-22 18:24:26,088 [INFO] PinOutPanel:1463 - setPackage(No Configuration,No Configuration)
2021-08-22 18:24:26,089 [INFO] PinOutPanel:1463 - setPackage(STM32F103VETx,LQFP100)
2021-08-22 18:24:26,441 [INFO] UtilMem:74 - Before build in PCC Used Memory: 185109616 Bytes (530579456)
2021-08-22 18:24:26,877 [INFO] UtilMem:74 - After build in PCC Used Memory: 265849968 Bytes (530579456)
2021-08-22 18:24:26,901 [INFO] IPUIPlugin:74 - create IPUIPlugin
2021-08-22 18:24:26,901 [INFO] IPUIPlugin:74 - create IPUIPlugin
2021-08-22 18:24:26,901 [INFO] IPUIPlugin:74 - create IPUIPlugin
2021-08-22 18:24:26,901 [INFO] IPUIPlugin:74 - create IPUIPlugin
2021-08-22 18:24:26,902 [INFO] IPUIPlugin:74 - create IPUIPlugin
2021-08-22 18:24:26,902 [INFO] IPUIPlugin:74 - create IPUIPlugin
2021-08-22 18:24:26,902 [INFO] IPUIPlugin:74 - create IPUIPlugin
2021-08-22 18:24:26,902 [INFO] IPUIPlugin:74 - create IPUIPlugin
2021-08-22 18:24:26,902 [INFO] IPUIPlugin:74 - create IPUIPlugin
2021-08-22 18:24:26,902 [INFO] IPUIPlugin:74 - create IPUIPlugin
2021-08-22 18:24:26,902 [INFO] IPUIPlugin:74 - create IPUIPlugin
2021-08-22 18:24:26,903 [INFO] IPUIPlugin:74 - create IPUIPlugin
2021-08-22 18:24:26,903 [INFO] IPUIPlugin:74 - create IPUIPlugin
2021-08-22 18:24:26,903 [INFO] IPUIPlugin:74 - create IPUIPlugin
2021-08-22 18:24:26,903 [INFO] IPUIPlugin:74 - create IPUIPlugin
2021-08-22 18:24:26,903 [INFO] IPUIPlugin:74 - create IPUIPlugin
2021-08-22 18:24:26,904 [INFO] IPUIPlugin:74 - create IPUIPlugin
2021-08-22 18:24:26,904 [INFO] IPUIPlugin:74 - create IPUIPlugin
2021-08-22 18:24:26,904 [INFO] IPUIPlugin:74 - create IPUIPlugin
2021-08-22 18:24:26,905 [INFO] IPUIPlugin:74 - create IPUIPlugin
2021-08-22 18:24:26,905 [INFO] IPUIPlugin:74 - create IPUIPlugin
2021-08-22 18:24:26,905 [INFO] IPUIPlugin:74 - create IPUIPlugin
2021-08-22 18:24:26,905 [INFO] IPUIPlugin:74 - create IPUIPlugin
2021-08-22 18:24:26,906 [INFO] IPUIPlugin:74 - create IPUIPlugin
2021-08-22 18:24:26,906 [INFO] IPUIPlugin:74 - create IPUIPlugin
2021-08-22 18:24:26,906 [INFO] IPUIPlugin:74 - create IPUIPlugin
2021-08-22 18:24:26,907 [INFO] IPUIPlugin:74 - create IPUIPlugin
2021-08-22 18:24:26,907 [INFO] IPUIPlugin:74 - create IPUIPlugin
2021-08-22 18:24:26,907 [INFO] IPUIPlugin:74 - create IPUIPlugin
2021-08-22 18:24:26,908 [INFO] IPUIPlugin:74 - create IPUIPlugin
2021-08-22 18:24:26,908 [INFO] IPUIPlugin:74 - create IPUIPlugin
2021-08-22 18:24:26,908 [INFO] IPUIPlugin:74 - create IPUIPlugin
2021-08-22 18:24:26,909 [INFO] IPUIPlugin:74 - create IPUIPlugin
2021-08-22 18:24:26,909 [INFO] IPUIPlugin:74 - create IPUIPlugin
2021-08-22 18:24:26,910 [INFO] IPUIPlugin:74 - create IPUIPlugin
2021-08-22 18:24:26,910 [INFO] IPUIPlugin:74 - create IPUIPlugin
2021-08-22 18:24:26,911 [INFO] IPUIPlugin:74 - create IPUIPlugin
2021-08-22 18:24:26,911 [INFO] IPUIPlugin:74 - create IPUIPlugin
2021-08-22 18:24:26,912 [INFO] IPUIPlugin:74 - create IPUIPlugin
2021-08-22 18:24:26,912 [INFO] IPUIPlugin:74 - create IPUIPlugin
2021-08-22 18:24:27,005 [INFO] OpenFileManager:333 - Restore cursor
2021-08-22 18:24:27,270 [INFO] UtilMem:74 - End SaveConfig() Used Memory: 360744048 Bytes (530579456)
2021-08-22 18:24:27,310 [INFO] UtilMem:74 - End SaveConfig() Used Memory: 381715568 Bytes (530579456)
2021-08-22 18:24:27,637 [INFO] BlockDiagram:2740 - set Specific Code input for plugin: NVIC
2021-08-22 18:24:27,637 [INFO] BlockDiagram:2740 - set Specific Code input for plugin: SYS
2021-08-22 18:24:27,638 [INFO] BlockDiagram:2740 - set Specific Code input for plugin: RCC
2021-08-22 18:24:27,639 [INFO] CodeGenerator:663 - code generatio: config db path: C:\ST\STM32CubeIDE_1.7.0\STM32CubeIDE\plugins\com.st.stm32cube.common.mx_6.3.0.202107141111\\db\
2021-08-22 18:24:27,915 [INFO] CodeEngine:239 - oldGeneratedFile, C:\Users\CHOCKALINGAM KASI\STM32CubeIDE\workspace_1.7.0\CE3004_MDP_Grp8_Hardware\MDP_grp8\MXTmpFiles\license.tmp_save
2021-08-22 18:24:28,183 [INFO] CodeEngine:257 - Generated code: C:\Users\CHOCKALINGAM KASI\STM32CubeIDE\workspace_1.7.0\CE3004_MDP_Grp8_Hardware\MDP_grp8\MXTmpFiles\license.tmp
2021-08-22 18:24:28,270 [INFO] CodeEngine:239 - oldGeneratedFile, C:\Users\CHOCKALINGAM KASI\STM32CubeIDE\workspace_1.7.0\CE3004_MDP_Grp8_Hardware\MDP_grp8\Core\Src\stm32f1xx_it.c_save
2021-08-22 18:24:28,445 [INFO] CodeEngine:257 - Generated code: C:\Users\CHOCKALINGAM KASI\STM32CubeIDE\workspace_1.7.0\CE3004_MDP_Grp8_Hardware\MDP_grp8\Core\Src\stm32f1xx_it.c
2021-08-22 18:24:28,453 [INFO] CodeEngine:239 - oldGeneratedFile, C:\Users\CHOCKALINGAM KASI\STM32CubeIDE\workspace_1.7.0\CE3004_MDP_Grp8_Hardware\MDP_grp8\Core\Inc\stm32f1xx_it.h_save
2021-08-22 18:24:28,545 [INFO] CodeEngine:257 - Generated code: C:\Users\CHOCKALINGAM KASI\STM32CubeIDE\workspace_1.7.0\CE3004_MDP_Grp8_Hardware\MDP_grp8\Core\Inc\stm32f1xx_it.h
2021-08-22 18:24:28,561 [INFO] CodeEngine:239 - oldGeneratedFile, C:\Users\CHOCKALINGAM KASI\STM32CubeIDE\workspace_1.7.0\CE3004_MDP_Grp8_Hardware\MDP_grp8\Core\Src\stm32f1xx_hal_msp.c_save
2021-08-22 18:24:28,651 [INFO] CodeEngine:257 - Generated code: C:\Users\CHOCKALINGAM KASI\STM32CubeIDE\workspace_1.7.0\CE3004_MDP_Grp8_Hardware\MDP_grp8\Core\Src\stm32f1xx_hal_msp.c
2021-08-22 18:24:28,657 [INFO] CodeEngine:239 - oldGeneratedFile, C:\Users\CHOCKALINGAM KASI\STM32CubeIDE\workspace_1.7.0\CE3004_MDP_Grp8_Hardware\MDP_grp8\MXTmpFiles\system.tmp_save
2021-08-22 18:24:28,713 [INFO] CodeEngine:257 - Generated code: C:\Users\CHOCKALINGAM KASI\STM32CubeIDE\workspace_1.7.0\CE3004_MDP_Grp8_Hardware\MDP_grp8\MXTmpFiles\system.tmp
2021-08-22 18:24:28,724 [INFO] CodeEngine:239 - oldGeneratedFile, C:\Users\CHOCKALINGAM KASI\STM32CubeIDE\workspace_1.7.0\CE3004_MDP_Grp8_Hardware\MDP_grp8\Core\Inc\stm32f1xx_hal_conf.h_save
2021-08-22 18:24:28,788 [INFO] CodeEngine:257 - Generated code: C:\Users\CHOCKALINGAM KASI\STM32CubeIDE\workspace_1.7.0\CE3004_MDP_Grp8_Hardware\MDP_grp8\Core\Inc\stm32f1xx_hal_conf.h
2021-08-22 18:24:28,820 [INFO] CodeEngine:239 - oldGeneratedFile, C:\Users\CHOCKALINGAM KASI\STM32CubeIDE\workspace_1.7.0\CE3004_MDP_Grp8_Hardware\MDP_grp8\Core\Inc\main.h_save
2021-08-22 18:24:28,891 [INFO] CodeEngine:257 - Generated code: C:\Users\CHOCKALINGAM KASI\STM32CubeIDE\workspace_1.7.0\CE3004_MDP_Grp8_Hardware\MDP_grp8\Core\Inc\main.h
2021-08-22 18:24:28,897 [INFO] CodeEngine:239 - oldGeneratedFile, C:\Users\CHOCKALINGAM KASI\STM32CubeIDE\workspace_1.7.0\CE3004_MDP_Grp8_Hardware\MDP_grp8\Core\Src\main.c_save
2021-08-22 18:24:28,993 [INFO] CodeEngine:257 - Generated code: C:\Users\CHOCKALINGAM KASI\STM32CubeIDE\workspace_1.7.0\CE3004_MDP_Grp8_Hardware\MDP_grp8\Core\Src\main.c
2021-08-22 18:24:29,754 [INFO] ProjectBuilder:2578 - Time for Copy HAL[1] : 82mS.
2021-08-22 18:24:29,759 [INFO] ProjectBuilder:3622 - Project Generator version: 3.14.1
2021-08-22 18:24:30,150 [INFO] ConfigFileManager:1271 - The Die is : DIE414
2021-08-22 18:24:30,168 [INFO] ApiDbMcu:468 - Load IP Config File for FATFS
2021-08-22 18:24:30,204 [INFO] ApiDbMcu:468 - Load IP Config File for FREERTOS
2021-08-22 18:24:30,231 [INFO] ApiDbMcu:468 - Load IP Config File for USB_DEVICE
2021-08-22 18:24:32,849 [INFO] ProjectBuilder:3789 - Time for Generating toolchain IDE Files: 3090mS.
2021-08-22 18:24:32,850 [INFO] ProjectBuilder:2457 - Time for Copy CMSIS : 1mS.
2021-08-22 18:24:32,852 [INFO] ProjectBuilder:2457 - Time for Copy CMSIS : 0mS.
2021-08-22 18:24:33,364 [INFO] McuFinderGlobals:52 - Set McuFinderConnectedMode to true
2021-08-22 18:24:33,365 [INFO] ApiDb:276 - Save user favorites file C:\Users\CHOCKALINGAM KASI/.stm32cubeide/favorites.mcus.txt: 0 item(s)
2021-08-22 18:24:33,365 [INFO] ApiDb:280 - User favorites MCUs=[]
